C:\USERS\DMITRY ZAP\DOCUMENTS\VISUAL STUDIO 2012\PROJECTS\PROJECT6\PROJECT6\DEBUG\.NETFRAMEWORK,VERSION=V4.5.ASSEMBLYATTRIBUTES.OBJ
C:\USERS\DMITRY ZAP\DOCUMENTS\VISUAL STUDIO 2012\PROJECTS\PROJECT6\PROJECT6\DEBUG\VC110.PDB
C:\USERS\DMITRY ZAP\DOCUMENTS\VISUAL STUDIO 2012\PROJECTS\PROJECT6\PROJECT6\DEBUG\MYFORM.OBJ
c:\Users\dmitry zap\documents\visual studio 2012\Projects\Project6\Project6\Debug\Project6.MyForm.resources
c:\Users\dmitry zap\documents\visual studio 2012\Projects\Project6\Project6\Debug\Project6.vcxproj.GenerateResource.Cache
c:\Users\dmitry zap\documents\visual studio 2012\Projects\Project6\Project6\Debug\.NETFramework,Version=v4.5.AssemblyAttributes.obj
c:\Users\dmitry zap\documents\visual studio 2012\Projects\Project6\Project6\Debug\MyForm.obj
c:\Users\dmitry zap\documents\visual studio 2012\Projects\Project6\Project6\Debug\cl.command.1.tlog
c:\Users\dmitry zap\documents\visual studio 2012\Projects\Project6\Project6\Debug\CL.read.1.tlog
c:\Users\dmitry zap\documents\visual studio 2012\Projects\Project6\Project6\Debug\CL.write.1.tlog
c:\Users\dmitry zap\documents\visual studio 2012\Projects\Project6\Project6\Debug\link.11180.read.1.tlog
c:\Users\dmitry zap\documents\visual studio 2012\Projects\Project6\Project6\Debug\link.11180.write.1.tlog
c:\Users\dmitry zap\documents\visual studio 2012\Projects\Project6\Project6\Debug\link.15248.read.1.tlog
c:\Users\dmitry zap\documents\visual studio 2012\Projects\Project6\Project6\Debug\link.15248.write.1.tlog
c:\Users\dmitry zap\documents\visual studio 2012\Projects\Project6\Project6\Debug\link.6348.read.1.tlog
c:\Users\dmitry zap\documents\visual studio 2012\Projects\Project6\Project6\Debug\link.6348.write.1.tlog
c:\Users\dmitry zap\documents\visual studio 2012\Projects\Project6\Project6\Debug\link.command.1.tlog
c:\Users\dmitry zap\documents\visual studio 2012\Projects\Project6\Project6\Debug\link.read.1.tlog
c:\Users\dmitry zap\documents\visual studio 2012\Projects\Project6\Project6\Debug\link.write.1.tlog
c:\Users\dmitry zap\documents\visual studio 2012\Projects\Project6\Project6\Debug\metagen.read.1.tlog
c:\Users\dmitry zap\documents\visual studio 2012\Projects\Project6\Project6\Debug\metagen.write.1.tlog
c:\Users\dmitry zap\documents\visual studio 2012\Projects\Project6\Project6\Debug\Project6.write.1.tlog
c:\Users\dmitry zap\documents\visual studio 2012\Projects\Project6\Project6\Debug\vc110.pdb
c:\Users\dmitry zap\documents\visual studio 2012\Projects\Project6\Project6\Debug\TZRES.DLL.bi
c:\users\dmitry zap\documents\visual studio 2012\Projects\Project6\Debug\Project6.ilk
